2023-10-24 12:20:11.579 [main] INFO  com.jamiromic.TodoListApplication - Starting TodoListApplication using Java 17.0.6 with PID 11068 (C:\Users\jamir\Desktop\Projects\todolist_react_spring_mongodb\backend\target\classes started by jamir in C:\Users\jamir\Desktop\Projects\todolist_react_spring_mongodb\backend)
2023-10-24 12:20:11.585 [main] DEBUG com.jamiromic.TodoListApplication - Running with Spring Boot v3.1.0, Spring v6.0.9
2023-10-24 12:20:11.588 [main] INFO  com.jamiromic.TodoListApplication - No active profile set, falling back to 1 default profile: "default"
2023-10-24 12:20:13.562 [main] INFO  o.s.d.r.c.RepositoryConfigurationDelegate - Bootstrapping Spring Data MongoDB repositories in DEFAULT mode.
2023-10-24 12:20:13.745 [main] INFO  o.s.d.r.c.RepositoryConfigurationDelegate - Finished Spring Data repository scanning in 159 ms. Found 3 MongoDB repository interfaces.
2023-10-24 12:20:15.421 [main] INFO  o.s.b.w.e.tomcat.TomcatWebServer - Tomcat initialized with port(s): 8080 (http)
2023-10-24 12:20:15.441 [main] INFO  o.a.catalina.core.StandardService - Starting service [Tomcat]
2023-10-24 12:20:15.441 [main] INFO  o.a.catalina.core.StandardEngine - Starting Servlet engine: [Apache Tomcat/10.1.8]
2023-10-24 12:20:15.669 [main] INFO  o.a.c.c.C.[Tomcat].[localhost].[/] - Initializing Spring embedded WebApplicationContext
2023-10-24 12:20:15.672 [main] INFO  o.s.b.w.s.c.ServletWebServerApplicationContext - Root WebApplicationContext: initialization completed in 3962 ms
2023-10-24 12:20:16.166 [main] INFO  org.mongodb.driver.client - MongoClient with metadata {"driver": {"name": "mongo-java-driver|sync|spring-boot", "version": "4.9.1"}, "os": {"type": "Windows", "name": "Windows 11", "architecture": "amd64", "version": "10.0"}, "platform": "Java/Oracle Corporation/17.0.6+9-LTS-190"} created with settings MongoClientSettings{readPreference=primary, writeConcern=WriteConcern{w=null, wTimeout=null ms, journal=null}, retryWrites=true, retryReads=true, readConcern=ReadConcern{level=null}, credential=null, streamFactoryFactory=null, commandListeners=[], codecRegistry=ProvidersCodecRegistry{codecProviders=[ValueCodecProvider{}, BsonValueCodecProvider{}, DBRefCodecProvider{}, DBObjectCodecProvider{}, DocumentCodecProvider{}, CollectionCodecProvider{}, IterableCodecProvider{}, MapCodecProvider{}, GeoJsonCodecProvider{}, GridFSFileCodecProvider{}, Jsr310CodecProvider{}, JsonObjectCodecProvider{}, BsonCodecProvider{}, EnumCodecProvider{}, com.mongodb.client.model.mql.ExpressionCodecProvider@357bc488, com.mongodb.Jep395RecordCodecProvider@4ea17147]}, loggerSettings=LoggerSettings{maxDocumentLength=1000}, clusterSettings={hosts=[localhost:27017], srvServiceName=mongodb, mode=SINGLE, requiredClusterType=UNKNOWN, requiredReplicaSetName='null', serverSelector='null', clusterListeners='[]', serverSelectionTimeout='30000 ms', localThreshold='30000 ms'}, socketSettings=SocketSettings{connectTimeoutMS=10000, readTimeoutMS=0, receiveBufferSize=0, sendBufferSize=0}, heartbeatSocketSettings=SocketSettings{connectTimeoutMS=10000, readTimeoutMS=10000, receiveBufferSize=0, sendBufferSize=0}, connectionPoolSettings=ConnectionPoolSettings{maxSize=100, minSize=0, maxWaitTimeMS=120000, maxConnectionLifeTimeMS=0, maxConnectionIdleTimeMS=0, maintenanceInitialDelayMS=0, maintenanceFrequencyMS=60000, connectionPoolListeners=[], maxConnecting=2}, serverSettings=ServerSettings{heartbeatFrequencyMS=10000, minHeartbeatFrequencyMS=500, serverListeners='[]', serverMonitorListeners='[]'}, sslSettings=SslSettings{enabled=false, invalidHostNameAllowed=false, context=null}, applicationName='null', compressorList=[], uuidRepresentation=JAVA_LEGACY, serverApi=null, autoEncryptionSettings=null, contextProvider=null}
2023-10-24 12:20:16.224 [cluster-ClusterId{value='65379a5f98c1336761a5efa3', description='null'}-localhost:27017] INFO  org.mongodb.driver.cluster - Monitor thread successfully connected to server with description ServerDescription{address=localhost:27017, type=STANDALONE, state=CONNECTED, ok=true, minWireVersion=0, maxWireVersion=21, maxDocumentSize=16777216, logicalSessionTimeoutMinutes=30, roundTripTimeNanos=70956200}
2023-10-24 12:20:17.304 [main] DEBUG c.j.s.security.jwt.AuthTokenFilter - Filter 'authenticationJwtTokenFilter' configured for use
2023-10-24 12:20:19.752 [main] INFO  o.s.s.web.DefaultSecurityFilterChain - Will secure any request with [org.springframework.security.web.session.DisableEncodeUrlFilter@da22aa, org.springframework.security.web.context.request.async.WebAsyncManagerIntegrationFilter@75452aea, org.springframework.security.web.context.SecurityContextHolderFilter@ab327c, org.springframework.security.web.header.HeaderWriterFilter@5f0d8937, org.springframework.security.web.authentication.logout.LogoutFilter@5341e71a, com.jamiromic.securityauth.security.jwt.AuthTokenFilter@2f8c4fae, org.springframework.security.web.savedrequest.RequestCacheAwareFilter@763b0996, org.springframework.security.web.servletapi.SecurityContextHolderAwareRequestFilter@386e9fd8, org.springframework.security.web.authentication.AnonymousAuthenticationFilter@6c24f61d, org.springframework.security.web.session.SessionManagementFilter@347123dc, org.springframework.security.web.access.ExceptionTranslationFilter@4813d0, org.springframework.security.web.access.intercept.AuthorizationFilter@283baa39]
2023-10-24 12:20:20.336 [main] INFO  o.s.b.w.e.tomcat.TomcatWebServer - Tomcat started on port(s): 8080 (http) with context path ''
2023-10-24 12:20:20.359 [main] INFO  com.jamiromic.TodoListApplication - Started TodoListApplication in 9.708 seconds (process running for 11.235)
2023-10-24 12:20:40.846 [http-nio-8080-exec-1] INFO  o.a.c.c.C.[Tomcat].[localhost].[/] - Initializing Spring DispatcherServlet 'dispatcherServlet'
2023-10-24 12:20:40.847 [http-nio-8080-exec-1] INFO  o.s.web.servlet.DispatcherServlet - Initializing Servlet 'dispatcherServlet'
2023-10-24 12:20:40.851 [http-nio-8080-exec-1] INFO  o.s.web.servlet.DispatcherServlet - Completed initialization in 3 ms
2023-10-24 12:20:43.219 [http-nio-8080-exec-2] DEBUG c.j.todos.services.TodoService - Recupero lista ToDo
2023-10-24 12:41:31.759 [http-nio-8080-exec-6] DEBUG c.j.todos.services.TodoService - Recupero lista ToDo
2023-10-24 12:41:50.482 [http-nio-8080-exec-9] DEBUG c.j.todos.services.TodoService - Recupero lista ToDo
2023-10-24 12:42:24.719 [http-nio-8080-exec-1] DEBUG c.j.todos.services.TodoService - Recupero lista ToDo
2023-10-24 12:42:41.956 [http-nio-8080-exec-3] DEBUG c.j.todos.services.TodoService - Recupero lista ToDo
2023-10-24 12:42:53.929 [http-nio-8080-exec-9] DEBUG c.j.todos.services.TodoService - Recupero lista ToDo
2023-10-24 12:42:58.871 [http-nio-8080-exec-3] DEBUG c.j.todos.services.TodoService - Recupero lista ToDo
2023-10-24 12:44:41.972 [http-nio-8080-exec-10] DEBUG c.j.todos.services.TodoService - Recupero lista ToDo
2023-10-24 12:44:48.756 [http-nio-8080-exec-4] DEBUG c.j.todos.services.TodoService - Recupero lista ToDo
2023-10-24 12:45:09.183 [main] INFO  com.jamiromic.TodoListApplication - Starting TodoListApplication using Java 17.0.6 with PID 23160 (C:\Users\jamir\Desktop\Projects\todolist_react_spring_mongodb\backend\target\classes started by jamir in C:\Users\jamir\Desktop\Projects\todolist_react_spring_mongodb\backend)
2023-10-24 12:45:09.190 [main] DEBUG com.jamiromic.TodoListApplication - Running with Spring Boot v3.1.0, Spring v6.0.9
2023-10-24 12:45:09.192 [main] INFO  com.jamiromic.TodoListApplication - No active profile set, falling back to 1 default profile: "default"
2023-10-24 12:45:11.144 [main] INFO  o.s.d.r.c.RepositoryConfigurationDelegate - Bootstrapping Spring Data MongoDB repositories in DEFAULT mode.
2023-10-24 12:45:11.338 [main] INFO  o.s.d.r.c.RepositoryConfigurationDelegate - Finished Spring Data repository scanning in 184 ms. Found 3 MongoDB repository interfaces.
2023-10-24 12:45:12.896 [main] INFO  o.s.b.w.e.tomcat.TomcatWebServer - Tomcat initialized with port(s): 8080 (http)
2023-10-24 12:45:12.917 [main] INFO  o.a.catalina.core.StandardService - Starting service [Tomcat]
2023-10-24 12:45:12.918 [main] INFO  o.a.catalina.core.StandardEngine - Starting Servlet engine: [Apache Tomcat/10.1.8]
2023-10-24 12:45:13.149 [main] INFO  o.a.c.c.C.[Tomcat].[localhost].[/] - Initializing Spring embedded WebApplicationContext
2023-10-24 12:45:13.156 [main] INFO  o.s.b.w.s.c.ServletWebServerApplicationContext - Root WebApplicationContext: initialization completed in 3834 ms
2023-10-24 12:45:13.596 [main] INFO  org.mongodb.driver.client - MongoClient with metadata {"driver": {"name": "mongo-java-driver|sync|spring-boot", "version": "4.9.1"}, "os": {"type": "Windows", "name": "Windows 11", "architecture": "amd64", "version": "10.0"}, "platform": "Java/Oracle Corporation/17.0.6+9-LTS-190"} created with settings MongoClientSettings{readPreference=primary, writeConcern=WriteConcern{w=null, wTimeout=null ms, journal=null}, retryWrites=true, retryReads=true, readConcern=ReadConcern{level=null}, credential=null, streamFactoryFactory=null, commandListeners=[], codecRegistry=ProvidersCodecRegistry{codecProviders=[ValueCodecProvider{}, BsonValueCodecProvider{}, DBRefCodecProvider{}, DBObjectCodecProvider{}, DocumentCodecProvider{}, CollectionCodecProvider{}, IterableCodecProvider{}, MapCodecProvider{}, GeoJsonCodecProvider{}, GridFSFileCodecProvider{}, Jsr310CodecProvider{}, JsonObjectCodecProvider{}, BsonCodecProvider{}, EnumCodecProvider{}, com.mongodb.client.model.mql.ExpressionCodecProvider@357bc488, com.mongodb.Jep395RecordCodecProvider@4ea17147]}, loggerSettings=LoggerSettings{maxDocumentLength=1000}, clusterSettings={hosts=[localhost:27017], srvServiceName=mongodb, mode=SINGLE, requiredClusterType=UNKNOWN, requiredReplicaSetName='null', serverSelector='null', clusterListeners='[]', serverSelectionTimeout='30000 ms', localThreshold='30000 ms'}, socketSettings=SocketSettings{connectTimeoutMS=10000, readTimeoutMS=0, receiveBufferSize=0, sendBufferSize=0}, heartbeatSocketSettings=SocketSettings{connectTimeoutMS=10000, readTimeoutMS=10000, receiveBufferSize=0, sendBufferSize=0}, connectionPoolSettings=ConnectionPoolSettings{maxSize=100, minSize=0, maxWaitTimeMS=120000, maxConnectionLifeTimeMS=0, maxConnectionIdleTimeMS=0, maintenanceInitialDelayMS=0, maintenanceFrequencyMS=60000, connectionPoolListeners=[], maxConnecting=2}, serverSettings=ServerSettings{heartbeatFrequencyMS=10000, minHeartbeatFrequencyMS=500, serverListeners='[]', serverMonitorListeners='[]'}, sslSettings=SslSettings{enabled=false, invalidHostNameAllowed=false, context=null}, applicationName='null', compressorList=[], uuidRepresentation=JAVA_LEGACY, serverApi=null, autoEncryptionSettings=null, contextProvider=null}
2023-10-24 12:45:13.652 [cluster-ClusterId{value='6537a0399973d55ebc24d201', description='null'}-localhost:27017] INFO  org.mongodb.driver.cluster - Monitor thread successfully connected to server with description ServerDescription{address=localhost:27017, type=STANDALONE, state=CONNECTED, ok=true, minWireVersion=0, maxWireVersion=21, maxDocumentSize=16777216, logicalSessionTimeoutMinutes=30, roundTripTimeNanos=67841800}
2023-10-24 12:45:14.625 [main] DEBUG c.j.s.security.jwt.AuthTokenFilter - Filter 'authenticationJwtTokenFilter' configured for use
2023-10-24 12:45:17.017 [main] INFO  o.s.s.web.DefaultSecurityFilterChain - Will secure any request with [org.springframework.security.web.session.DisableEncodeUrlFilter@da22aa, org.springframework.security.web.context.request.async.WebAsyncManagerIntegrationFilter@75452aea, org.springframework.security.web.context.SecurityContextHolderFilter@ab327c, org.springframework.security.web.header.HeaderWriterFilter@5f0d8937, org.springframework.security.web.authentication.logout.LogoutFilter@5341e71a, com.jamiromic.securityauth.security.jwt.AuthTokenFilter@2f8c4fae, org.springframework.security.web.savedrequest.RequestCacheAwareFilter@763b0996, org.springframework.security.web.servletapi.SecurityContextHolderAwareRequestFilter@386e9fd8, org.springframework.security.web.authentication.AnonymousAuthenticationFilter@6c24f61d, org.springframework.security.web.session.SessionManagementFilter@347123dc, org.springframework.security.web.access.ExceptionTranslationFilter@4813d0, org.springframework.security.web.access.intercept.AuthorizationFilter@283baa39]
2023-10-24 12:45:17.598 [main] INFO  o.s.b.w.e.tomcat.TomcatWebServer - Tomcat started on port(s): 8080 (http) with context path ''
2023-10-24 12:45:17.620 [main] INFO  com.jamiromic.TodoListApplication - Started TodoListApplication in 9.274 seconds (process running for 10.847)
2023-10-24 12:45:26.629 [http-nio-8080-exec-1] INFO  o.a.c.c.C.[Tomcat].[localhost].[/] - Initializing Spring DispatcherServlet 'dispatcherServlet'
2023-10-24 12:45:26.630 [http-nio-8080-exec-1] INFO  o.s.web.servlet.DispatcherServlet - Initializing Servlet 'dispatcherServlet'
2023-10-24 12:45:26.637 [http-nio-8080-exec-1] INFO  o.s.web.servlet.DispatcherServlet - Completed initialization in 5 ms
2023-10-24 12:45:27.174 [http-nio-8080-exec-1] DEBUG c.j.todos.services.TodoService - Recupero ToDo tramite ID
2023-10-24 12:45:29.252 [http-nio-8080-exec-2] DEBUG c.j.todos.services.TodoService - Recupero ToDo tramite ID
2023-10-24 12:45:33.318 [http-nio-8080-exec-3] DEBUG c.j.todos.services.TodoService - Modifico ToDo
2023-10-24 12:45:33.670 [http-nio-8080-exec-4] DEBUG c.j.todos.services.TodoService - Recupero lista ToDo
2023-10-24 12:45:41.525 [http-nio-8080-exec-5] DEBUG c.j.todos.services.TodoService - Recupero ToDo tramite ID
2023-10-24 12:45:42.847 [http-nio-8080-exec-7] DEBUG c.j.todos.services.TodoService - Elimino ToDo
2023-10-24 12:45:43.086 [http-nio-8080-exec-10] DEBUG c.j.todos.services.TodoService - Recupero lista ToDo
2023-10-24 12:46:55.225 [http-nio-8080-exec-8] DEBUG c.j.todos.services.TodoService - Recupero lista ToDo
2023-10-24 12:49:52.221 [http-nio-8080-exec-2] DEBUG c.j.todos.services.TodoService - Recupero lista ToDo
2023-10-24 12:49:55.651 [http-nio-8080-exec-3] DEBUG c.j.todos.services.TodoService - Recupero lista ToDo
2023-10-24 12:50:24.273 [http-nio-8080-exec-4] DEBUG c.j.todos.services.TodoService - Recupero lista ToDo
2023-10-24 12:50:37.224 [http-nio-8080-exec-5] DEBUG c.j.todos.services.TodoService - Recupero lista ToDo
2023-10-24 12:50:40.559 [http-nio-8080-exec-6] DEBUG c.j.todos.services.TodoService - Recupero lista ToDo
2023-10-24 12:51:11.198 [http-nio-8080-exec-7] DEBUG c.j.todos.services.TodoService - Recupero lista ToDo
2023-10-24 12:51:52.932 [http-nio-8080-exec-10] DEBUG c.j.todos.services.TodoService - Recupero lista ToDo
2023-10-24 12:52:14.220 [http-nio-8080-exec-9] DEBUG c.j.todos.services.TodoService - Recupero lista ToDo
2023-10-24 12:52:20.475 [http-nio-8080-exec-8] DEBUG c.j.todos.services.TodoService - Recupero lista ToDo
2023-10-24 12:52:30.041 [http-nio-8080-exec-1] DEBUG c.j.todos.services.TodoService - Recupero lista ToDo
